00:47:26.086 [main] TRACE org.apache.xmlbeans.impl.common.XBeanDebug - Resolving type for handle ctworksheet530dtype
00:47:26.098 [main] TRACE org.apache.xmlbeans.impl.common.XBeanDebug - Resolving type for handle ctsheetdata8408type
00:47:26.100 [main] TRACE org.apache.xmlbeans.impl.common.XBeanDebug - Resolving type for handle ctrowdd39type
00:47:26.104 [main] TRACE org.apache.xmlbeans.impl.common.XBeanDebug - Resolving type for handle ctcell842btype
00:47:26.108 [main] TRACE org.apache.xmlbeans.impl.common.XBeanDebug - Resolving type for handle stcellrefe4e0type
00:47:26.113 [main] TRACE org.apache.xmlbeans.impl.common.XBeanDebug - Resolving type for handle ctcols627ctype
00:47:26.116 [main] TRACE org.apache.xmlbeans.impl.common.XBeanDebug - Resolving type for handle ctcola95ftype
00:47:26.127 [main] TRACE org.apache.xmlbeans.impl.common.XBeanDebug - Resolving type for handle cthyperlinks6416type
00:47:26.129 [main] TRACE org.apache.xmlbeans.impl.common.XBeanDebug - Resolving type for handle cthyperlink0c85type
00:47:26.136 [main] TRACE org.apache.xmlbeans.impl.common.XBeanDebug - Resolving type for handle stxstringf179type
00:47:26.138 [main] TRACE org.apache.xmlbeans.impl.common.XBeanDebug - Resolving type for handle stcelltypebf95type
00:47:38.862 [main] INFO  stepDefinitions.Steps - Clicked on My Account 
00:47:39.109 [main] INFO  stepDefinitions.Steps - Clicked on Login 
00:47:39.117 [main] DEBUG org.apache.poi.openxml4j.opc.PackageRelationshipCollection - Parsing relationship: /xl/_rels/workbook.xml.rels
00:47:39.118 [main] DEBUG org.apache.poi.openxml4j.opc.PackageRelationshipCollection - Parsing relationship: /xl/worksheets/_rels/sheet1.xml.rels
00:47:39.119 [main] DEBUG org.apache.poi.openxml4j.opc.PackageRelationshipCollection - Parsing relationship: /_rels/.rels
00:47:39.130 [main] DEBUG org.apache.poi.ooxml.POIXMLFactory - using default POIXMLDocumentPart for http://schemas.openxmlformats.org/officeDocument/2006/relationships/printerSettings
00:47:51.790 [main] INFO  stepDefinitions.Steps - Clicked on My Account 
00:47:52.039 [main] INFO  stepDefinitions.Steps - Clicked on Login 
00:47:52.046 [main] DEBUG org.apache.poi.openxml4j.opc.PackageRelationshipCollection - Parsing relationship: /xl/_rels/workbook.xml.rels
00:47:52.047 [main] DEBUG org.apache.poi.openxml4j.opc.PackageRelationshipCollection - Parsing relationship: /xl/worksheets/_rels/sheet1.xml.rels
00:47:52.048 [main] DEBUG org.apache.poi.openxml4j.opc.PackageRelationshipCollection - Parsing relationship: /_rels/.rels
00:47:52.057 [main] DEBUG org.apache.poi.ooxml.POIXMLFactory - using default POIXMLDocumentPart for http://schemas.openxmlformats.org/officeDocument/2006/relationships/printerSettings
00:48:49.951 [main] INFO  stepDefinitions.Steps - Clicked on My Account 
00:48:50.208 [main] INFO  stepDefinitions.Steps - Clicked on Login 
00:48:50.312 [main] DEBUG org.apache.poi.openxml4j.opc.PackageRelationshipCollection - Parsing relationship: /xl/_rels/workbook.xml.rels
00:48:50.314 [main] DEBUG org.apache.poi.openxml4j.opc.PackageRelationshipCollection - Parsing relationship: /xl/worksheets/_rels/sheet1.xml.rels
00:48:50.315 [main] DEBUG org.apache.poi.openxml4j.opc.PackageRelationshipCollection - Parsing relationship: /_rels/.rels
00:48:50.423 [main] TRACE org.apache.xmlbeans.impl.common.XBeanDebug - Loading type system org.apache.poi.schemas.ooxml.system.ooxml
00:48:50.425 [main] TRACE org.apache.xmlbeans.impl.common.XBeanDebug - Loading type system org.apache.xmlbeans.metadata.system.sXMLCONFIG
00:48:50.426 [main] TRACE org.apache.xmlbeans.impl.common.XBeanDebug - Loading type system org.apache.xmlbeans.metadata.system.sXMLLANG
00:48:50.426 [main] TRACE org.apache.xmlbeans.impl.common.XBeanDebug - Loading type system org.apache.xmlbeans.metadata.system.sXMLSCHEMA
00:48:50.426 [main] TRACE org.apache.xmlbeans.impl.common.XBeanDebug - Loading type system org.apache.xmlbeans.metadata.system.sXMLTOOLS
00:48:50.427 [main] TRACE org.apache.xmlbeans.impl.common.XBeanDebug - Reading unresolved handles for type system org.apache.xmlbeans.metadata.system.sXMLTOOLS
00:48:50.436 [main] TRACE org.apache.xmlbeans.impl.common.XBeanDebug - Finished loading type system org.apache.xmlbeans.metadata.system.sXMLTOOLS
00:48:50.437 [main] TRACE org.apache.xmlbeans.impl.common.XBeanDebug - Reading unresolved handles for type system org.apache.xmlbeans.metadata.system.sXMLSCHEMA
00:48:50.439 [main] TRACE org.apache.xmlbeans.impl.common.XBeanDebug - Finished loading type system org.apache.xmlbeans.metadata.system.sXMLSCHEMA
00:48:50.440 [main] TRACE org.apache.xmlbeans.impl.common.XBeanDebug - Reading unresolved handles for type system org.apache.xmlbeans.metadata.system.sXMLLANG
00:48:50.441 [main] TRACE org.apache.xmlbeans.impl.common.XBeanDebug - Finished loading type system org.apache.xmlbeans.metadata.system.sXMLLANG
00:48:50.442 [main] TRACE org.apache.xmlbeans.impl.common.XBeanDebug - Reading unresolved handles for type system org.apache.xmlbeans.metadata.system.sXMLCONFIG
00:48:50.442 [main] TRACE org.apache.xmlbeans.impl.common.XBeanDebug - Finished loading type system org.apache.xmlbeans.metadata.system.sXMLCONFIG
00:48:50.443 [main] TRACE org.apache.xmlbeans.impl.common.XBeanDebug - Reading unresolved handles for type system org.apache.poi.schemas.ooxml.system.ooxml
00:48:50.483 [main] TRACE org.apache.xmlbeans.impl.common.XBeanDebug - Finished loading type system org.apache.poi.schemas.ooxml.system.ooxml
00:48:50.483 [main] TRACE org.apache.xmlbeans.impl.common.XBeanDebug - Resolving type for handle themefd26doctype
00:48:50.531 [main] TRACE org.apache.xmlbeans.impl.common.XBeanDebug - Resolving type for handle stylesheet5d8bdoctype
00:48:50.536 [main] TRACE org.apache.xmlbeans.impl.common.XBeanDebug - Resolving type for handle ctstylesheet4257type
00:48:50.539 [main] TRACE org.apache.xmlbeans.impl.common.XBeanDebug - Resolving type for handle ctfonts6623type
00:48:50.541 [main] TRACE org.apache.xmlbeans.impl.common.XBeanDebug - Resolving type for handle ctfont14d8type
00:48:50.546 [main] TRACE org.apache.xmlbeans.impl.common.XBeanDebug - Resolving type for handle ctfills2c6ftype
00:48:50.547 [main] TRACE org.apache.xmlbeans.impl.common.XBeanDebug - Resolving type for handle ctfill550ctype
00:48:50.549 [main] TRACE org.apache.xmlbeans.impl.common.XBeanDebug - Resolving type for handle ctborders0d66type
00:48:50.550 [main] TRACE org.apache.xmlbeans.impl.common.XBeanDebug - Resolving type for handle ctborderf935type
00:48:50.552 [main] TRACE org.apache.xmlbeans.impl.common.XBeanDebug - Resolving type for handle ctcellxfs1322type
00:48:50.554 [main] TRACE org.apache.xmlbeans.impl.common.XBeanDebug - Resolving type for handle ctxf97f7type
00:48:50.556 [main] TRACE org.apache.xmlbeans.impl.common.XBeanDebug - Resolving type for handle ctcellstylexfsa81ftype
00:48:50.557 [main] TRACE org.apache.xmlbeans.impl.common.XBeanDebug - Resolving type for handle ctdxfsb26atype
00:48:50.559 [main] TRACE org.apache.xmlbeans.impl.common.XBeanDebug - Resolving type for handle cttablestyles872ftype
00:48:50.560 [main] TRACE org.apache.xmlbeans.impl.common.XBeanDebug - Resolving type for handle sstf81fdoctype
00:48:50.563 [main] TRACE org.apache.xmlbeans.impl.common.XBeanDebug - Resolving type for handle ctsst44f3type
00:48:50.570 [main] TRACE org.apache.xmlbeans.impl.common.XBeanDebug - Resolving type for handle ctrsta472type
00:48:50.582 [main] DEBUG org.apache.poi.ooxml.POIXMLFactory - using default POIXMLDocumentPart for http://schemas.openxmlformats.org/officeDocument/2006/relationships/printerSettings
00:48:50.584 [main] TRACE org.apache.xmlbeans.impl.common.XBeanDebug - Resolving type for handle workbookec17doctype
00:48:50.586 [main] TRACE org.apache.xmlbeans.impl.common.XBeanDebug - Resolving type for handle ctworkbook83c3type
00:48:50.589 [main] TRACE org.apache.xmlbeans.impl.common.XBeanDebug - Resolving type for handle ctsheets49fdtype
00:48:50.590 [main] TRACE org.apache.xmlbeans.impl.common.XBeanDebug - Resolving type for handle ctsheet4dbetype
00:48:50.593 [main] TRACE org.apache.xmlbeans.impl.common.XBeanDebug - Resolving type for handle strelationshipid1e94type
00:48:50.596 [main] TRACE org.apache.xmlbeans.impl.common.XBeanDebug - Resolving type for handle worksheetf539doctype
00:48:50.602 [main] TRACE org.apache.xmlbeans.impl.common.XBeanDebug - Resolving type for handle ctworksheet530dtype
00:48:50.607 [main] TRACE org.apache.xmlbeans.impl.common.XBeanDebug - Resolving type for handle ctsheetdata8408type
00:48:50.609 [main] TRACE org.apache.xmlbeans.impl.common.XBeanDebug - Resolving type for handle ctrowdd39type
00:48:50.614 [main] TRACE org.apache.xmlbeans.impl.common.XBeanDebug - Resolving type for handle ctcell842btype
00:48:50.618 [main] TRACE org.apache.xmlbeans.impl.common.XBeanDebug - Resolving type for handle stcellrefe4e0type
00:48:50.622 [main] TRACE org.apache.xmlbeans.impl.common.XBeanDebug - Resolving type for handle ctcols627ctype
00:48:50.625 [main] TRACE org.apache.xmlbeans.impl.common.XBeanDebug - Resolving type for handle ctcola95ftype
00:48:50.636 [main] TRACE org.apache.xmlbeans.impl.common.XBeanDebug - Resolving type for handle cthyperlinks6416type
00:48:50.638 [main] TRACE org.apache.xmlbeans.impl.common.XBeanDebug - Resolving type for handle cthyperlink0c85type
00:48:50.642 [main] TRACE org.apache.xmlbeans.impl.common.XBeanDebug - Resolving type for handle stxstringf179type
00:48:50.644 [main] TRACE org.apache.xmlbeans.impl.common.XBeanDebug - Resolving type for handle stcelltypebf95type
00:49:04.605 [main] INFO  stepDefinitions.Steps - Clicked on My Account 
00:49:04.875 [main] INFO  stepDefinitions.Steps - Clicked on Login 
00:49:04.885 [main] DEBUG org.apache.poi.openxml4j.opc.PackageRelationshipCollection - Parsing relationship: /xl/_rels/workbook.xml.rels
00:49:04.886 [main] DEBUG org.apache.poi.openxml4j.opc.PackageRelationshipCollection - Parsing relationship: /xl/worksheets/_rels/sheet1.xml.rels
00:49:04.888 [main] DEBUG org.apache.poi.openxml4j.opc.PackageRelationshipCollection - Parsing relationship: /_rels/.rels
00:49:04.902 [main] DEBUG org.apache.poi.ooxml.POIXMLFactory - using default POIXMLDocumentPart for http://schemas.openxmlformats.org/officeDocument/2006/relationships/printerSettings
00:49:17.667 [main] INFO  stepDefinitions.Steps - Clicked on My Account 
00:49:17.922 [main] INFO  stepDefinitions.Steps - Clicked on Login 
00:49:17.928 [main] DEBUG org.apache.poi.openxml4j.opc.PackageRelationshipCollection - Parsing relationship: /xl/_rels/workbook.xml.rels
00:49:17.929 [main] DEBUG org.apache.poi.openxml4j.opc.PackageRelationshipCollection - Parsing relationship: /xl/worksheets/_rels/sheet1.xml.rels
00:49:17.931 [main] DEBUG org.apache.poi.openxml4j.opc.PackageRelationshipCollection - Parsing relationship: /_rels/.rels
00:49:17.945 [main] DEBUG org.apache.poi.ooxml.POIXMLFactory - using default POIXMLDocumentPart for http://schemas.openxmlformats.org/officeDocument/2006/relationships/printerSettings
00:50:03.359 [main] INFO  stepDefinitions.Steps - Clicked on My Account 
00:50:03.605 [main] INFO  stepDefinitions.Steps - Clicked on Login 
00:50:03.703 [main] DEBUG org.apache.poi.openxml4j.opc.PackageRelationshipCollection - Parsing relationship: /xl/_rels/workbook.xml.rels
00:50:03.704 [main] DEBUG org.apache.poi.openxml4j.opc.PackageRelationshipCollection - Parsing relationship: /xl/worksheets/_rels/sheet1.xml.rels
00:50:03.705 [main] DEBUG org.apache.poi.openxml4j.opc.PackageRelationshipCollection - Parsing relationship: /_rels/.rels
00:50:03.822 [main] TRACE org.apache.xmlbeans.impl.common.XBeanDebug - Loading type system org.apache.poi.schemas.ooxml.system.ooxml
00:50:03.825 [main] TRACE org.apache.xmlbeans.impl.common.XBeanDebug - Loading type system org.apache.xmlbeans.metadata.system.sXMLCONFIG
00:50:03.826 [main] TRACE org.apache.xmlbeans.impl.common.XBeanDebug - Loading type system org.apache.xmlbeans.metadata.system.sXMLLANG
00:50:03.826 [main] TRACE org.apache.xmlbeans.impl.common.XBeanDebug - Loading type system org.apache.xmlbeans.metadata.system.sXMLSCHEMA
00:50:03.827 [main] TRACE org.apache.xmlbeans.impl.common.XBeanDebug - Loading type system org.apache.xmlbeans.metadata.system.sXMLTOOLS
00:50:03.828 [main] TRACE org.apache.xmlbeans.impl.common.XBeanDebug - Reading unresolved handles for type system org.apache.xmlbeans.metadata.system.sXMLTOOLS
00:50:03.839 [main] TRACE org.apache.xmlbeans.impl.common.XBeanDebug - Finished loading type system org.apache.xmlbeans.metadata.system.sXMLTOOLS
00:50:03.840 [main] TRACE org.apache.xmlbeans.impl.common.XBeanDebug - Reading unresolved handles for type system org.apache.xmlbeans.metadata.system.sXMLSCHEMA
00:50:03.843 [main] TRACE org.apache.xmlbeans.impl.common.XBeanDebug - Finished loading type system org.apache.xmlbeans.metadata.system.sXMLSCHEMA
00:50:03.844 [main] TRACE org.apache.xmlbeans.impl.common.XBeanDebug - Reading unresolved handles for type system org.apache.xmlbeans.metadata.system.sXMLLANG
00:50:03.844 [main] TRACE org.apache.xmlbeans.impl.common.XBeanDebug - Finished loading type system org.apache.xmlbeans.metadata.system.sXMLLANG
00:50:03.845 [main] TRACE org.apache.xmlbeans.impl.common.XBeanDebug - Reading unresolved handles for type system org.apache.xmlbeans.metadata.system.sXMLCONFIG
00:50:03.845 [main] TRACE org.apache.xmlbeans.impl.common.XBeanDebug - Finished loading type system org.apache.xmlbeans.metadata.system.sXMLCONFIG
00:50:03.846 [main] TRACE org.apache.xmlbeans.impl.common.XBeanDebug - Reading unresolved handles for type system org.apache.poi.schemas.ooxml.system.ooxml
00:50:03.880 [main] TRACE org.apache.xmlbeans.impl.common.XBeanDebug - Finished loading type system org.apache.poi.schemas.ooxml.system.ooxml
00:50:03.881 [main] TRACE org.apache.xmlbeans.impl.common.XBeanDebug - Resolving type for handle themefd26doctype
00:50:03.922 [main] TRACE org.apache.xmlbeans.impl.common.XBeanDebug - Resolving type for handle stylesheet5d8bdoctype
00:50:03.926 [main] TRACE org.apache.xmlbeans.impl.common.XBeanDebug - Resolving type for handle ctstylesheet4257type
00:50:03.929 [main] TRACE org.apache.xmlbeans.impl.common.XBeanDebug - Resolving type for handle ctfonts6623type
00:50:03.931 [main] TRACE org.apache.xmlbeans.impl.common.XBeanDebug - Resolving type for handle ctfont14d8type
00:50:03.935 [main] TRACE org.apache.xmlbeans.impl.common.XBeanDebug - Resolving type for handle ctfills2c6ftype
00:50:03.937 [main] TRACE org.apache.xmlbeans.impl.common.XBeanDebug - Resolving type for handle ctfill550ctype
00:50:03.939 [main] TRACE org.apache.xmlbeans.impl.common.XBeanDebug - Resolving type for handle ctborders0d66type
00:50:03.940 [main] TRACE org.apache.xmlbeans.impl.common.XBeanDebug - Resolving type for handle ctborderf935type
00:50:03.943 [main] TRACE org.apache.xmlbeans.impl.common.XBeanDebug - Resolving type for handle ctcellxfs1322type
00:50:03.944 [main] TRACE org.apache.xmlbeans.impl.common.XBeanDebug - Resolving type for handle ctxf97f7type
00:50:03.947 [main] TRACE org.apache.xmlbeans.impl.common.XBeanDebug - Resolving type for handle ctcellstylexfsa81ftype
00:50:03.948 [main] TRACE org.apache.xmlbeans.impl.common.XBeanDebug - Resolving type for handle ctdxfsb26atype
00:50:03.949 [main] TRACE org.apache.xmlbeans.impl.common.XBeanDebug - Resolving type for handle cttablestyles872ftype
00:50:03.951 [main] TRACE org.apache.xmlbeans.impl.common.XBeanDebug - Resolving type for handle sstf81fdoctype
00:50:03.954 [main] TRACE org.apache.xmlbeans.impl.common.XBeanDebug - Resolving type for handle ctsst44f3type
00:50:03.961 [main] TRACE org.apache.xmlbeans.impl.common.XBeanDebug - Resolving type for handle ctrsta472type
00:50:03.974 [main] DEBUG org.apache.poi.ooxml.POIXMLFactory - using default POIXMLDocumentPart for http://schemas.openxmlformats.org/officeDocument/2006/relationships/printerSettings
00:50:03.974 [main] TRACE org.apache.xmlbeans.impl.common.XBeanDebug - Resolving type for handle workbookec17doctype
00:50:03.977 [main] TRACE org.apache.xmlbeans.impl.common.XBeanDebug - Resolving type for handle ctworkbook83c3type
00:50:03.982 [main] TRACE org.apache.xmlbeans.impl.common.XBeanDebug - Resolving type for handle ctsheets49fdtype
00:50:03.984 [main] TRACE org.apache.xmlbeans.impl.common.XBeanDebug - Resolving type for handle ctsheet4dbetype
00:50:03.986 [main] TRACE org.apache.xmlbeans.impl.common.XBeanDebug - Resolving type for handle strelationshipid1e94type
00:50:03.987 [main] TRACE org.apache.xmlbeans.impl.common.XBeanDebug - Resolving type for handle worksheetf539doctype
00:50:03.991 [main] TRACE org.apache.xmlbeans.impl.common.XBeanDebug - Resolving type for handle ctworksheet530dtype
00:50:03.996 [main] TRACE org.apache.xmlbeans.impl.common.XBeanDebug - Resolving type for handle ctsheetdata8408type
00:50:03.997 [main] TRACE org.apache.xmlbeans.impl.common.XBeanDebug - Resolving type for handle ctrowdd39type
00:50:04.003 [main] TRACE org.apache.xmlbeans.impl.common.XBeanDebug - Resolving type for handle ctcell842btype
00:50:04.009 [main] TRACE org.apache.xmlbeans.impl.common.XBeanDebug - Resolving type for handle stcellrefe4e0type
00:50:04.013 [main] TRACE org.apache.xmlbeans.impl.common.XBeanDebug - Resolving type for handle ctcols627ctype
00:50:04.016 [main] TRACE org.apache.xmlbeans.impl.common.XBeanDebug - Resolving type for handle ctcola95ftype
00:50:04.027 [main] TRACE org.apache.xmlbeans.impl.common.XBeanDebug - Resolving type for handle cthyperlinks6416type
00:50:04.029 [main] TRACE org.apache.xmlbeans.impl.common.XBeanDebug - Resolving type for handle cthyperlink0c85type
00:50:04.033 [main] TRACE org.apache.xmlbeans.impl.common.XBeanDebug - Resolving type for handle stxstringf179type
00:50:04.035 [main] TRACE org.apache.xmlbeans.impl.common.XBeanDebug - Resolving type for handle stcelltypebf95type
00:50:16.761 [main] INFO  stepDefinitions.Steps - Clicked on My Account 
00:50:17.011 [main] INFO  stepDefinitions.Steps - Clicked on Login 
00:50:17.021 [main] DEBUG org.apache.poi.openxml4j.opc.PackageRelationshipCollection - Parsing relationship: /xl/_rels/workbook.xml.rels
00:50:17.022 [main] DEBUG org.apache.poi.openxml4j.opc.PackageRelationshipCollection - Parsing relationship: /xl/worksheets/_rels/sheet1.xml.rels
00:50:17.024 [main] DEBUG org.apache.poi.openxml4j.opc.PackageRelationshipCollection - Parsing relationship: /_rels/.rels
00:50:17.039 [main] DEBUG org.apache.poi.ooxml.POIXMLFactory - using default POIXMLDocumentPart for http://schemas.openxmlformats.org/officeDocument/2006/relationships/printerSettings
00:50:20.112 [main] INFO  stepDefinitions.Steps - Clicked on My Account 
00:50:20.357 [main] INFO  stepDefinitions.Steps - Clicked on Login 
00:50:20.363 [main] DEBUG org.apache.poi.openxml4j.opc.PackageRelationshipCollection - Parsing relationship: /xl/_rels/workbook.xml.rels
00:50:20.365 [main] DEBUG org.apache.poi.openxml4j.opc.PackageRelationshipCollection - Parsing relationship: /xl/worksheets/_rels/sheet1.xml.rels
00:50:20.366 [main] DEBUG org.apache.poi.openxml4j.opc.PackageRelationshipCollection - Parsing relationship: /_rels/.rels
00:50:20.380 [main] DEBUG org.apache.poi.ooxml.POIXMLFactory - using default POIXMLDocumentPart for http://schemas.openxmlformats.org/officeDocument/2006/relationships/printerSettings
00:54:49.771 [main] INFO  stepDefinitions.Steps - Clicked on My Account 
00:54:50.044 [main] INFO  stepDefinitions.Steps - Clicked on Login 
00:54:50.118 [main] INFO  stepDefinitions.Steps - Provided Email 
00:54:50.183 [main] INFO  stepDefinitions.Steps - Provided Password 
00:54:50.427 [main] INFO  stepDefinitions.Steps - Clicked on Login button
00:55:00.449 [main] ERROR stepDefinitions.Steps - Login Failed 
00:58:16.855 [main] INFO  stepDefinitions.Steps - Clicked on My Account 
00:58:17.105 [main] INFO  stepDefinitions.Steps - Clicked on Login 
00:58:17.190 [main] INFO  stepDefinitions.Steps - Provided Email 
00:58:17.244 [main] INFO  stepDefinitions.Steps - Provided Password 
00:58:17.474 [main] INFO  stepDefinitions.Steps - Clicked on Login button
00:58:27.523 [main] ERROR stepDefinitions.Steps - Login Failed 
00:58:56.387 [main] INFO  stepDefinitions.Steps - Clicked on My Account 
00:58:56.689 [main] INFO  stepDefinitions.Steps - Clicked on Login 
00:58:56.767 [main] INFO  stepDefinitions.Steps - Provided Email 
00:58:56.824 [main] INFO  stepDefinitions.Steps - Provided Password 
00:58:57.108 [main] INFO  stepDefinitions.Steps - Clicked on Login button
00:58:57.145 [main] INFO  stepDefinitions.Steps - Login Success 
01:11:35.430 [main] INFO  stepDefinitions.Steps - Clicked on My Account 
01:11:35.689 [main] INFO  stepDefinitions.Steps - Clicked on Login 
01:11:35.767 [main] INFO  stepDefinitions.Steps - Provided Email 
01:11:35.819 [main] INFO  stepDefinitions.Steps - Provided Password 
01:11:36.132 [main] INFO  stepDefinitions.Steps - Clicked on Login button
01:11:36.174 [main] INFO  stepDefinitions.Steps - Login Success 
01:13:05.411 [main] INFO  stepDefinitions.Steps - Clicked on My Account 
01:13:05.673 [main] INFO  stepDefinitions.Steps - Clicked on Login 
01:13:05.752 [main] INFO  stepDefinitions.Steps - Provided Email 
01:13:05.818 [main] INFO  stepDefinitions.Steps - Provided Password 
01:13:06.105 [main] INFO  stepDefinitions.Steps - Clicked on Login button
01:13:06.142 [main] INFO  stepDefinitions.Steps - Login Success 
